<?xml version="1.0" encoding="UTF-8"?>
<!-- Generated by org.testng.reporters.JUnitReportReporter -->
<testsuite hostname="IN3234435W1" failures="0" tests="1" name="newopportunity.TestNgOpportunity" time="28.385" errors="0" timestamp="2022-05-17T17:31:16 IST" skipped="0">
  <testcase classname="newopportunity.TestNgOpportunity" name="Test" time="28.385"/>
  <system-out/>
</testsuite> <!-- newopportunity.TestNgOpportunity -->
