<?xml version="1.0" encoding="UTF-8"?>
<!-- Generated by org.testng.reporters.JUnitReportReporter -->
<testsuite hostname="IN3234334W1" failures="0" tests="1" name="finalAssessment.CreateTestNg" time="62.030" errors="0" timestamp="2022-05-20T18:35:02 IST" skipped="0">
  <testcase classname="finalAssessment.CreateTestNg" name="randomTest" time="62.030"/>
  <system-out/>
</testsuite> <!-- finalAssessment.CreateTestNg -->
